Loading environment ...
Environment loaded.
Begin training
Loaded 14000 samples | Energies present: [1.0, 5.0, 10.0, 20.0, 30.0, 40.0, 50.0, 60.0, 70.0, 80.0, 90.0, 100.0, 110.0, 120.0]

=== Dataset audit (50 samples) ===
Audit complete: 0 bad samples found out of 50 checked.

mu_logE=3.516262, sigma_logE=1.329275
Group G0 | Cumulative training will start at epoch 1
Running pre-training sanity check on first batch...
  Input x: shape=torch.Size([256, 5, 200, 200]), dtype=torch.float32, min=0.0000, max=330030.1250, nan=False, inf=False
  Target y: shape=torch.Size([256]), dtype=torch.float32, min=1.000000, max=120.000000, nan=False, inf=False
  y_log: min=0.0000, max=4.7875, nan=False
  y_log_norm: min=-2.6452, max=0.9563, nan=False
  Model output: min=0.0120, max=0.0738, nan=False, inf=False
[Epoch 1 Batch 0] NaN/Inf LOSS=nan — skipping backward. Checking model params...
[Epoch 1 Batch 1] NaN/Inf LOSS=nan — skipping backward. Checking model params...
[Epoch 1 Batch 2] NaN/Inf LOSS=nan — skipping backward. Checking model params...
[Epoch 1 Batch 3] NaN/Inf LOSS=nan — skipping backward. Checking model params...
[Epoch 1 Batch 4] NaN/Inf LOSS=nan — skipping backward. Checking model params...
[Epoch 1 Batch 5] NaN/Inf LOSS=nan — skipping backward. Checking model params...
[Epoch 1 Batch 6] NaN/Inf LOSS=nan — skipping backward. Checking model params...
[Epoch 1 Batch 7] NaN/Inf LOSS=nan — skipping backward. Checking model params...
[Epoch 1 Batch 8] NaN/Inf LOSS=nan — skipping backward. Checking model params...
[Epoch 1 Batch 9] NaN/Inf LOSS=nan — skipping backward. Checking model params...
[Epoch 1 Batch 10] NaN/Inf LOSS=nan — skipping backward. Checking model params...
[Epoch 1 Batch 11] NaN/Inf LOSS=nan — skipping backward. Checking model params...
[Epoch 1 Batch 12] NaN/Inf LOSS=nan — skipping backward. Checking model params...
[Epoch 1 Batch 13] NaN/Inf LOSS=nan — skipping backward. Checking model params...
[Epoch 1 Batch 14] NaN/Inf LOSS=nan — skipping backward. Checking model params...
[Epoch 1 Batch 15] NaN/Inf LOSS=nan — skipping backward. Checking model params...
[Epoch 1 Batch 16] NaN/Inf LOSS=nan — skipping backward. Checking model params...
[Epoch 1 Batch 17] NaN/Inf LOSS=nan — skipping backward. Checking model params...
[Epoch 1 Batch 18] NaN/Inf LOSS=nan — skipping backward. Checking model params...
[Epoch 1 Batch 19] NaN/Inf LOSS=nan — skipping backward. Checking model params...
[Epoch 1 Batch 20] NaN/Inf LOSS=nan — skipping backward. Checking model params...
[Epoch 1 Batch 21] NaN/Inf LOSS=nan — skipping backward. Checking model params...
[Epoch 1 Batch 22] NaN/Inf LOSS=nan — skipping backward. Checking model params...
[Epoch 1 Batch 23] NaN/Inf LOSS=nan — skipping backward. Checking model params...
[Epoch 1 Batch 24] NaN/Inf LOSS=nan — skipping backward. Checking model params...
[Epoch 1 Batch 25] NaN/Inf LOSS=nan — skipping backward. Checking model params...
[Epoch 1 Batch 26] NaN/Inf LOSS=nan — skipping backward. Checking model params...
[Epoch 1 Batch 27] NaN/Inf LOSS=nan — skipping backward. Checking model params...
[Epoch 1 Batch 28] NaN/Inf LOSS=nan — skipping backward. Checking model params...
[Epoch 1 Batch 29] NaN/Inf LOSS=nan — skipping backward. Checking model params...
[Epoch 1 Batch 30] NaN/Inf LOSS=nan — skipping backward. Checking model params...
[Epoch 1 Batch 31] NaN/Inf LOSS=nan — skipping backward. Checking model params...
[Epoch 1 Batch 32] NaN/Inf LOSS=nan — skipping backward. Checking model params...
[Epoch 1 Batch 33] NaN/Inf LOSS=nan — skipping backward. Checking model params...
[Epoch 1 Batch 34] NaN/Inf LOSS=nan — skipping backward. Checking model params...
[Epoch 1 Batch 35] NaN/Inf LOSS=nan — skipping backward. Checking model params...
[Epoch 1 Batch 36] NaN/Inf LOSS=nan — skipping backward. Checking model params...
[Epoch 1 Batch 37] NaN/Inf LOSS=nan — skipping backward. Checking model params...
[Epoch 1 Batch 38] NaN/Inf LOSS=nan — skipping backward. Checking model params...
[G0] Epoch 001 — WARNING: 39 batches skipped due to NaN/Inf.
[G0] Epoch 001 | Train 0.000000 | Val nan | MAE nan | RMSE nan
[Epoch 2 Batch 0] NaN/Inf LOSS=nan — skipping backward. Checking model params...
[Epoch 2 Batch 1] NaN/Inf LOSS=nan — skipping backward. Checking model params...
[Epoch 2 Batch 2] NaN/Inf LOSS=nan — skipping backward. Checking model params...
[Epoch 2 Batch 3] NaN/Inf LOSS=nan — skipping backward. Checking model params...
[Epoch 2 Batch 4] NaN/Inf LOSS=nan — skipping backward. Checking model params...
[Epoch 2 Batch 5] NaN/Inf LOSS=nan — skipping backward. Checking model params...
[Epoch 2 Batch 6] NaN/Inf LOSS=nan — skipping backward. Checking model params...
[Epoch 2 Batch 7] NaN/Inf LOSS=nan — skipping backward. Checking model params...
[Epoch 2 Batch 8] NaN/Inf LOSS=nan — skipping backward. Checking model params...
[Epoch 2 Batch 9] NaN/Inf LOSS=nan — skipping backward. Checking model params...
[Epoch 2 Batch 10] NaN/Inf LOSS=nan — skipping backward. Checking model params...
[Epoch 2 Batch 11] NaN/Inf LOSS=nan — skipping backward. Checking model params...
[Epoch 2 Batch 12] NaN/Inf LOSS=nan — skipping backward. Checking model params...
[Epoch 2 Batch 13] NaN/Inf LOSS=nan — skipping backward. Checking model params...
[Epoch 2 Batch 14] NaN/Inf LOSS=nan — skipping backward. Checking model params...
[Epoch 2 Batch 15] NaN/Inf LOSS=nan — skipping backward. Checking model params...
[Epoch 2 Batch 16] NaN/Inf LOSS=nan — skipping backward. Checking model params...
[Epoch 2 Batch 17] NaN/Inf LOSS=nan — skipping backward. Checking model params...
[Epoch 2 Batch 18] NaN/Inf LOSS=nan — skipping backward. Checking model params...
[Epoch 2 Batch 19] NaN/Inf LOSS=nan — skipping backward. Checking model params...
[Epoch 2 Batch 20] NaN/Inf LOSS=nan — skipping backward. Checking model params...
[Epoch 2 Batch 21] NaN/Inf LOSS=nan — skipping backward. Checking model params...
[Epoch 2 Batch 22] NaN/Inf LOSS=nan — skipping backward. Checking model params...
[Epoch 2 Batch 23] NaN/Inf LOSS=nan — skipping backward. Checking model params...
[Epoch 2 Batch 24] NaN/Inf LOSS=nan — skipping backward. Checking model params...
[Epoch 2 Batch 25] NaN/Inf LOSS=nan — skipping backward. Checking model params...
[Epoch 2 Batch 26] NaN/Inf LOSS=nan — skipping backward. Checking model params...
[Epoch 2 Batch 27] NaN/Inf LOSS=nan — skipping backward. Checking model params...
[Epoch 2 Batch 28] NaN/Inf LOSS=nan — skipping backward. Checking model params...
[Epoch 2 Batch 29] NaN/Inf LOSS=nan — skipping backward. Checking model params...
[Epoch 2 Batch 30] NaN/Inf LOSS=nan — skipping backward. Checking model params...
[Epoch 2 Batch 31] NaN/Inf LOSS=nan — skipping backward. Checking model params...
[Epoch 2 Batch 32] NaN/Inf LOSS=nan — skipping backward. Checking model params...
[Epoch 2 Batch 33] NaN/Inf LOSS=nan — skipping backward. Checking model params...
[Epoch 2 Batch 34] NaN/Inf LOSS=nan — skipping backward. Checking model params...
[Epoch 2 Batch 35] NaN/Inf LOSS=nan — skipping backward. Checking model params...
[Epoch 2 Batch 36] NaN/Inf LOSS=nan — skipping backward. Checking model params...
[Epoch 2 Batch 37] NaN/Inf LOSS=nan — skipping backward. Checking model params...
[Epoch 2 Batch 38] NaN/Inf LOSS=nan — skipping backward. Checking model params...
[G0] Epoch 002 — WARNING: 39 batches skipped due to NaN/Inf.
[G0] Epoch 002 | Train 0.000000 | Val nan | MAE nan | RMSE nan
[Epoch 3 Batch 0] NaN/Inf LOSS=nan — skipping backward. Checking model params...
[Epoch 3 Batch 1] NaN/Inf LOSS=nan — skipping backward. Checking model params...
[Epoch 3 Batch 2] NaN/Inf LOSS=nan — skipping backward. Checking model params...
[Epoch 3 Batch 3] NaN/Inf LOSS=nan — skipping backward. Checking model params...
[Epoch 3 Batch 4] NaN/Inf LOSS=nan — skipping backward. Checking model params...
[Epoch 3 Batch 5] NaN/Inf LOSS=nan — skipping backward. Checking model params...
[Epoch 3 Batch 6] NaN/Inf LOSS=nan — skipping backward. Checking model params...
[Epoch 3 Batch 7] NaN/Inf LOSS=nan — skipping backward. Checking model params...
[Epoch 3 Batch 8] NaN/Inf LOSS=nan — skipping backward. Checking model params...
[Epoch 3 Batch 9] NaN/Inf LOSS=nan — skipping backward. Checking model params...
[Epoch 3 Batch 10] NaN/Inf LOSS=nan — skipping backward. Checking model params...
[Epoch 3 Batch 11] NaN/Inf LOSS=nan — skipping backward. Checking model params...
[Epoch 3 Batch 12] NaN/Inf LOSS=nan — skipping backward. Checking model params...
[Epoch 3 Batch 13] NaN/Inf LOSS=nan — skipping backward. Checking model params...
[Epoch 3 Batch 14] NaN/Inf LOSS=nan — skipping backward. Checking model params...
[Epoch 3 Batch 15] NaN/Inf LOSS=nan — skipping backward. Checking model params...
[Epoch 3 Batch 16] NaN/Inf LOSS=nan — skipping backward. Checking model params...
[Epoch 3 Batch 17] NaN/Inf LOSS=nan — skipping backward. Checking model params...
[Epoch 3 Batch 18] NaN/Inf LOSS=nan — skipping backward. Checking model params...
[Epoch 3 Batch 19] NaN/Inf LOSS=nan — skipping backward. Checking model params...
[Epoch 3 Batch 20] NaN/Inf LOSS=nan — skipping backward. Checking model params...
[Epoch 3 Batch 21] NaN/Inf LOSS=nan — skipping backward. Checking model params...
[Epoch 3 Batch 22] NaN/Inf LOSS=nan — skipping backward. Checking model params...
[Epoch 3 Batch 23] NaN/Inf LOSS=nan — skipping backward. Checking model params...
[Epoch 3 Batch 24] NaN/Inf LOSS=nan — skipping backward. Checking model params...
[Epoch 3 Batch 25] NaN/Inf LOSS=nan — skipping backward. Checking model params...
[Epoch 3 Batch 26] NaN/Inf LOSS=nan — skipping backward. Checking model params...
[Epoch 3 Batch 27] NaN/Inf LOSS=nan — skipping backward. Checking model params...
[Epoch 3 Batch 28] NaN/Inf LOSS=nan — skipping backward. Checking model params...
[Epoch 3 Batch 29] NaN/Inf LOSS=nan — skipping backward. Checking model params...
[Epoch 3 Batch 30] NaN/Inf LOSS=nan — skipping backward. Checking model params...
[Epoch 3 Batch 31] NaN/Inf LOSS=nan — skipping backward. Checking model params...
[Epoch 3 Batch 32] NaN/Inf LOSS=nan — skipping backward. Checking model params...
[Epoch 3 Batch 33] NaN/Inf LOSS=nan — skipping backward. Checking model params...
[Epoch 3 Batch 34] NaN/Inf LOSS=nan — skipping backward. Checking model params...
[Epoch 3 Batch 35] NaN/Inf LOSS=nan — skipping backward. Checking model params...
[Epoch 3 Batch 36] NaN/Inf LOSS=nan — skipping backward. Checking model params...
[Epoch 3 Batch 37] NaN/Inf LOSS=nan — skipping backward. Checking model params...
[Epoch 3 Batch 38] NaN/Inf LOSS=nan — skipping backward. Checking model params...
[G0] Epoch 003 — WARNING: 39 batches skipped due to NaN/Inf.
[G0] Epoch 003 | Train 0.000000 | Val nan | MAE nan | RMSE nan
[Epoch 4 Batch 0] NaN/Inf LOSS=nan — skipping backward. Checking model params...
[Epoch 4 Batch 1] NaN/Inf LOSS=nan — skipping backward. Checking model params...
[Epoch 4 Batch 2] NaN/Inf LOSS=nan — skipping backward. Checking model params...
[Epoch 4 Batch 3] NaN/Inf LOSS=nan — skipping backward. Checking model params...
[Epoch 4 Batch 4] NaN/Inf LOSS=nan — skipping backward. Checking model params...
[Epoch 4 Batch 5] NaN/Inf LOSS=nan — skipping backward. Checking model params...
[Epoch 4 Batch 6] NaN/Inf LOSS=nan — skipping backward. Checking model params...
[Epoch 4 Batch 7] NaN/Inf LOSS=nan — skipping backward. Checking model params...
[Epoch 4 Batch 8] NaN/Inf LOSS=nan — skipping backward. Checking model params...
[Epoch 4 Batch 9] NaN/Inf LOSS=nan — skipping backward. Checking model params...
[Epoch 4 Batch 10] NaN/Inf LOSS=nan — skipping backward. Checking model params...
[Epoch 4 Batch 11] NaN/Inf LOSS=nan — skipping backward. Checking model params...
[Epoch 4 Batch 12] NaN/Inf LOSS=nan — skipping backward. Checking model params...
[Epoch 4 Batch 13] NaN/Inf LOSS=nan — skipping backward. Checking model params...
[Epoch 4 Batch 14] NaN/Inf LOSS=nan — skipping backward. Checking model params...
[Epoch 4 Batch 15] NaN/Inf LOSS=nan — skipping backward. Checking model params...
[Epoch 4 Batch 16] NaN/Inf LOSS=nan — skipping backward. Checking model params...
[Epoch 4 Batch 17] NaN/Inf LOSS=nan — skipping backward. Checking model params...
[Epoch 4 Batch 18] NaN/Inf LOSS=nan — skipping backward. Checking model params...
[Epoch 4 Batch 19] NaN/Inf LOSS=nan — skipping backward. Checking model params...
[Epoch 4 Batch 20] NaN/Inf LOSS=nan — skipping backward. Checking model params...
[Epoch 4 Batch 21] NaN/Inf LOSS=nan — skipping backward. Checking model params...
[Epoch 4 Batch 22] NaN/Inf LOSS=nan — skipping backward. Checking model params...
[Epoch 4 Batch 23] NaN/Inf LOSS=nan — skipping backward. Checking model params...
[Epoch 4 Batch 24] NaN/Inf LOSS=nan — skipping backward. Checking model params...
[Epoch 4 Batch 25] NaN/Inf LOSS=nan — skipping backward. Checking model params...
[Epoch 4 Batch 26] NaN/Inf LOSS=nan — skipping backward. Checking model params...
[Epoch 4 Batch 27] NaN/Inf LOSS=nan — skipping backward. Checking model params...
[Epoch 4 Batch 28] NaN/Inf LOSS=nan — skipping backward. Checking model params...
[Epoch 4 Batch 29] NaN/Inf LOSS=nan — skipping backward. Checking model params...
[Epoch 4 Batch 30] NaN/Inf LOSS=nan — skipping backward. Checking model params...
[Epoch 4 Batch 31] NaN/Inf LOSS=nan — skipping backward. Checking model params...
[Epoch 4 Batch 32] NaN/Inf LOSS=nan — skipping backward. Checking model params...
[Epoch 4 Batch 33] NaN/Inf LOSS=nan — skipping backward. Checking model params...
[Epoch 4 Batch 34] NaN/Inf LOSS=nan — skipping backward. Checking model params...
[Epoch 4 Batch 35] NaN/Inf LOSS=nan — skipping backward. Checking model params...
[Epoch 4 Batch 36] NaN/Inf LOSS=nan — skipping backward. Checking model params...
[Epoch 4 Batch 37] NaN/Inf LOSS=nan — skipping backward. Checking model params...
[Epoch 4 Batch 38] NaN/Inf LOSS=nan — skipping backward. Checking model params...
[G0] Epoch 004 — WARNING: 39 batches skipped due to NaN/Inf.
[G0] Epoch 004 | Train 0.000000 | Val nan | MAE nan | RMSE nan
[Epoch 5 Batch 0] NaN/Inf LOSS=nan — skipping backward. Checking model params...
[Epoch 5 Batch 1] NaN/Inf LOSS=nan — skipping backward. Checking model params...
[Epoch 5 Batch 2] NaN/Inf LOSS=nan — skipping backward. Checking model params...
[Epoch 5 Batch 3] NaN/Inf LOSS=nan — skipping backward. Checking model params...
[Epoch 5 Batch 4] NaN/Inf LOSS=nan — skipping backward. Checking model params...
[Epoch 5 Batch 5] NaN/Inf LOSS=nan — skipping backward. Checking model params...
[Epoch 5 Batch 6] NaN/Inf LOSS=nan — skipping backward. Checking model params...
[Epoch 5 Batch 7] NaN/Inf LOSS=nan — skipping backward. Checking model params...
[Epoch 5 Batch 8] NaN/Inf LOSS=nan — skipping backward. Checking model params...
[Epoch 5 Batch 9] NaN/Inf LOSS=nan — skipping backward. Checking model params...
[Epoch 5 Batch 10] NaN/Inf LOSS=nan — skipping backward. Checking model params...
[Epoch 5 Batch 11] NaN/Inf LOSS=nan — skipping backward. Checking model params...
[Epoch 5 Batch 12] NaN/Inf LOSS=nan — skipping backward. Checking model params...
[Epoch 5 Batch 13] NaN/Inf LOSS=nan — skipping backward. Checking model params...
[Epoch 5 Batch 14] NaN/Inf LOSS=nan — skipping backward. Checking model params...
[Epoch 5 Batch 15] NaN/Inf LOSS=nan — skipping backward. Checking model params...
[Epoch 5 Batch 16] NaN/Inf LOSS=nan — skipping backward. Checking model params...
[Epoch 5 Batch 17] NaN/Inf LOSS=nan — skipping backward. Checking model params...
[Epoch 5 Batch 18] NaN/Inf LOSS=nan — skipping backward. Checking model params...
[Epoch 5 Batch 19] NaN/Inf LOSS=nan — skipping backward. Checking model params...
[Epoch 5 Batch 20] NaN/Inf LOSS=nan — skipping backward. Checking model params...
[Epoch 5 Batch 21] NaN/Inf LOSS=nan — skipping backward. Checking model params...
[Epoch 5 Batch 22] NaN/Inf LOSS=nan — skipping backward. Checking model params...
[Epoch 5 Batch 23] NaN/Inf LOSS=nan — skipping backward. Checking model params...
[Epoch 5 Batch 24] NaN/Inf LOSS=nan — skipping backward. Checking model params...
[Epoch 5 Batch 25] NaN/Inf LOSS=nan — skipping backward. Checking model params...
[Epoch 5 Batch 26] NaN/Inf LOSS=nan — skipping backward. Checking model params...
[Epoch 5 Batch 27] NaN/Inf LOSS=nan — skipping backward. Checking model params...
[Epoch 5 Batch 28] NaN/Inf LOSS=nan — skipping backward. Checking model params...
[Epoch 5 Batch 29] NaN/Inf LOSS=nan — skipping backward. Checking model params...
[Epoch 5 Batch 30] NaN/Inf LOSS=nan — skipping backward. Checking model params...
[Epoch 5 Batch 31] NaN/Inf LOSS=nan — skipping backward. Checking model params...
[Epoch 5 Batch 32] NaN/Inf LOSS=nan — skipping backward. Checking model params...
[Epoch 5 Batch 33] NaN/Inf LOSS=nan — skipping backward. Checking model params...
[Epoch 5 Batch 34] NaN/Inf LOSS=nan — skipping backward. Checking model params...
[Epoch 5 Batch 35] NaN/Inf LOSS=nan — skipping backward. Checking model params...
[Epoch 5 Batch 36] NaN/Inf LOSS=nan — skipping backward. Checking model params...
[Epoch 5 Batch 37] NaN/Inf LOSS=nan — skipping backward. Checking model params...
[Epoch 5 Batch 38] NaN/Inf LOSS=nan — skipping backward. Checking model params...
[G0] Epoch 005 — WARNING: 39 batches skipped due to NaN/Inf.
