Loading environment ...
Environment loaded.
Begin training
Loaded 14000 samples | Energies present: [1.0, 5.0, 10.0, 20.0, 30.0, 40.0, 50.0, 60.0, 70.0, 80.0, 90.0, 100.0, 110.0, 120.0]

=== Dataset audit (50 samples) ===
Audit complete: 0 bad samples found out of 50 checked.

mu_logE=3.516262, sigma_logE=1.329275
INPUT SCALING: max raw value=597362.8 — log1p scaling ENABLED for all splits.
Group G0 | Cumulative training will start at epoch 1
Running pre-training sanity check on first batch...
  Input x (raw): shape=torch.Size([256, 5, 200, 200]), min=0.0000, max=298979.9688
  Input x (scaled): min=0.0000, max=12.6081, nan=False, inf=False
  Target y: min=1.000000, max=120.000000, nan=False, inf=False
  Channel 0 (scaled): mean=0.0272, std=0.4605, min=0.0000, max=12.6081
  Channel 1 (scaled): mean=0.0248, std=0.4364, min=0.0000, max=11.7295
  Channel 2 (scaled): mean=0.0335, std=0.5056, min=0.0000, max=11.9801
  Channel 3 (scaled): mean=0.0453, std=0.5893, min=0.0000, max=12.2278
  Channel 4 (scaled): mean=0.0079, std=0.2432, min=0.0000, max=10.3373
  y_log_norm: min=-2.6452, max=0.9563, nan=False
  Model output (eval  mode): min=0.0045, max=0.0746, nan=False, inf=False
  Model output (train mode): min=-0.0612, max=0.1968, nan=False, inf=False
  Pre-training check: PASS ✓
[G0] Epoch 001 | Train 0.192672 | Val 0.046022 | MAE 6.556195 | RMSE 10.129672
💾 New best (val=0.046022) saved to /lustre/work/samumcki/final_dSiPM_run/NN_Analysis/unnorm_20x20_model/NN_model_20x20/best_latest.ckpt
[G0] Epoch 002 | Train 0.042933 | Val 0.036601 | MAE 6.069084 | RMSE 9.286297
💾 New best (val=0.036601) saved to /lustre/work/samumcki/final_dSiPM_run/NN_Analysis/unnorm_20x20_model/NN_model_20x20/best_latest.ckpt
[G0] Epoch 003 | Train 0.038517 | Val 0.038735 | MAE 5.945354 | RMSE 9.084109
[G0] Epoch 004 | Train 0.038430 | Val 0.035276 | MAE 5.955842 | RMSE 9.162009
💾 New best (val=0.035276) saved to /lustre/work/samumcki/final_dSiPM_run/NN_Analysis/unnorm_20x20_model/NN_model_20x20/best_latest.ckpt
[G0] Epoch 005 | Train 0.036757 | Val 0.037004 | MAE 6.902303 | RMSE 9.966938
[G0] Epoch 006 | Train 0.033372 | Val 0.034874 | MAE 5.309779 | RMSE 8.120061
💾 New best (val=0.034874) saved to /lustre/work/samumcki/final_dSiPM_run/NN_Analysis/unnorm_20x20_model/NN_model_20x20/best_latest.ckpt
[G0] Epoch 007 | Train 0.032850 | Val 0.034773 | MAE 5.552503 | RMSE 8.484743
💾 New best (val=0.034773) saved to /lustre/work/samumcki/final_dSiPM_run/NN_Analysis/unnorm_20x20_model/NN_model_20x20/best_latest.ckpt
[G0] Epoch 008 | Train 0.032871 | Val 0.032478 | MAE 5.091668 | RMSE 7.837213
💾 New best (val=0.032478) saved to /lustre/work/samumcki/final_dSiPM_run/NN_Analysis/unnorm_20x20_model/NN_model_20x20/best_latest.ckpt
[G0] Epoch 009 | Train 0.031966 | Val 0.033433 | MAE 5.013311 | RMSE 7.653866
[G0] Epoch 010 | Train 0.031908 | Val 0.033009 | MAE 5.589882 | RMSE 8.466720
[G0] Epoch 011 | Train 0.032735 | Val 0.031838 | MAE 4.982746 | RMSE 7.646278
💾 New best (val=0.031838) saved to /lustre/work/samumcki/final_dSiPM_run/NN_Analysis/unnorm_20x20_model/NN_model_20x20/best_latest.ckpt
[G0] Epoch 012 | Train 0.030235 | Val 0.031581 | MAE 4.922706 | RMSE 7.581641
💾 New best (val=0.031581) saved to /lustre/work/samumcki/final_dSiPM_run/NN_Analysis/unnorm_20x20_model/NN_model_20x20/best_latest.ckpt
[G0] Epoch 013 | Train 0.029317 | Val 0.034523 | MAE 5.067728 | RMSE 7.724817
[G0] Epoch 014 | Train 0.030119 | Val 0.036913 | MAE 5.890571 | RMSE 8.715407
[G0] Epoch 015 | Train 0.030764 | Val 0.031653 | MAE 5.267751 | RMSE 7.814721
[G0] Epoch 016 | Train 0.028658 | Val 0.030350 | MAE 4.781969 | RMSE 7.382101
💾 New best (val=0.030350) saved to /lustre/work/samumcki/final_dSiPM_run/NN_Analysis/unnorm_20x20_model/NN_model_20x20/best_latest.ckpt
[G0] Epoch 017 | Train 0.031175 | Val 0.030848 | MAE 5.002237 | RMSE 7.640200
[G0] Epoch 018 | Train 0.028525 | Val 0.032152 | MAE 5.643113 | RMSE 8.286193
[G0] Epoch 019 | Train 0.028433 | Val 0.031452 | MAE 5.115395 | RMSE 7.593165
[G0] Epoch 020 | Train 0.028287 | Val 0.031096 | MAE 6.051155 | RMSE 9.113906
[G0] Epoch 021 | Train 0.026219 | Val 0.030626 | MAE 4.839725 | RMSE 7.352046
[G0] Epoch 022 | Train 0.028250 | Val 0.031040 | MAE 5.314844 | RMSE 7.870901
[G0] Epoch 023 | Train 0.026612 | Val 0.029833 | MAE 4.863679 | RMSE 7.404062
💾 New best (val=0.029833) saved to /lustre/work/samumcki/final_dSiPM_run/NN_Analysis/unnorm_20x20_model/NN_model_20x20/best_latest.ckpt
[G0] Epoch 024 | Train 0.026232 | Val 0.032573 | MAE 5.088622 | RMSE 7.716480
[G0] Epoch 025 | Train 0.024810 | Val 0.029415 | MAE 4.717515 | RMSE 7.205776
💾 New best (val=0.029415) saved to /lustre/work/samumcki/final_dSiPM_run/NN_Analysis/unnorm_20x20_model/NN_model_20x20/best_latest.ckpt
[G0] Epoch 026 | Train 0.024869 | Val 0.028895 | MAE 4.766746 | RMSE 7.292790
💾 New best (val=0.028895) saved to /lustre/work/samumcki/final_dSiPM_run/NN_Analysis/unnorm_20x20_model/NN_model_20x20/best_latest.ckpt
[G0] Epoch 027 | Train 0.024774 | Val 0.031482 | MAE 4.872159 | RMSE 7.336110
[G0] Epoch 028 | Train 0.025518 | Val 0.028854 | MAE 4.679348 | RMSE 7.177484
💾 New best (val=0.028854) saved to /lustre/work/samumcki/final_dSiPM_run/NN_Analysis/unnorm_20x20_model/NN_model_20x20/best_latest.ckpt
[G0] Epoch 029 | Train 0.024023 | Val 0.028937 | MAE 4.666199 | RMSE 7.221045
[G0] Epoch 030 | Train 0.023856 | Val 0.028723 | MAE 4.690365 | RMSE 7.198977
💾 New best (val=0.028723) saved to /lustre/work/samumcki/final_dSiPM_run/NN_Analysis/unnorm_20x20_model/NN_model_20x20/best_latest.ckpt
[G0] Epoch 031 | Train 0.023887 | Val 0.030018 | MAE 5.272362 | RMSE 8.038029
[G0] Epoch 032 | Train 0.023249 | Val 0.029674 | MAE 4.676231 | RMSE 7.209793
[G0] Epoch 033 | Train 0.022369 | Val 0.028874 | MAE 4.822219 | RMSE 7.437224
[G0] Epoch 034 | Train 0.022588 | Val 0.031553 | MAE 4.895142 | RMSE 7.461444
[G0] Epoch 035 | Train 0.023004 | Val 0.028881 | MAE 4.738415 | RMSE 7.260314
[G0] Epoch 036 | Train 0.021526 | Val 0.030199 | MAE 5.230410 | RMSE 7.964208
[G0] Epoch 037 | Train 0.020854 | Val 0.028186 | MAE 4.600080 | RMSE 7.057039
💾 New best (val=0.028186) saved to /lustre/work/samumcki/final_dSiPM_run/NN_Analysis/unnorm_20x20_model/NN_model_20x20/best_latest.ckpt
[G0] Epoch 038 | Train 0.020839 | Val 0.028481 | MAE 4.622356 | RMSE 7.106177
[G0] Epoch 039 | Train 0.020294 | Val 0.028226 | MAE 4.806646 | RMSE 7.300706
[G0] Epoch 040 | Train 0.020548 | Val 0.028481 | MAE 4.711533 | RMSE 7.088743
[G0] Epoch 041 | Train 0.020230 | Val 0.028968 | MAE 4.674819 | RMSE 7.025046
[G0] Epoch 042 | Train 0.019466 | Val 0.028416 | MAE 4.702527 | RMSE 7.091367
[G0] Epoch 043 | Train 0.018803 | Val 0.028070 | MAE 4.644786 | RMSE 7.076355
💾 New best (val=0.028070) saved to /lustre/work/samumcki/final_dSiPM_run/NN_Analysis/unnorm_20x20_model/NN_model_20x20/best_latest.ckpt
[G0] Epoch 044 | Train 0.019344 | Val 0.028111 | MAE 4.612590 | RMSE 7.052503
[G0] Epoch 045 | Train 0.019190 | Val 0.027451 | MAE 4.654847 | RMSE 7.085322
💾 New best (val=0.027451) saved to /lustre/work/samumcki/final_dSiPM_run/NN_Analysis/unnorm_20x20_model/NN_model_20x20/best_latest.ckpt
[G0] Epoch 046 | Train 0.019814 | Val 0.028174 | MAE 4.617145 | RMSE 7.036465
[G0] Epoch 047 | Train 0.018642 | Val 0.027974 | MAE 4.726856 | RMSE 7.050610
[G0] Epoch 048 | Train 0.018305 | Val 0.029144 | MAE 4.924457 | RMSE 7.201932
[G0] Epoch 049 | Train 0.019459 | Val 0.027682 | MAE 4.644663 | RMSE 6.984115
[G0] Epoch 050 | Train 0.017537 | Val 0.027363 | MAE 4.621585 | RMSE 6.967602
💾 New best (val=0.027363) saved to /lustre/work/samumcki/final_dSiPM_run/NN_Analysis/unnorm_20x20_model/NN_model_20x20/best_latest.ckpt
[G0] Epoch 051 | Train 0.017094 | Val 0.027443 | MAE 4.596472 | RMSE 6.949035
[G0] Epoch 052 | Train 0.016738 | Val 0.029140 | MAE 4.592202 | RMSE 6.937305
[G0] Epoch 053 | Train 0.016548 | Val 0.028250 | MAE 4.563160 | RMSE 6.951049
[G0] Epoch 054 | Train 0.016797 | Val 0.027548 | MAE 4.594874 | RMSE 6.991620
[G0] Epoch 055 | Train 0.016569 | Val 0.027238 | MAE 4.540658 | RMSE 6.884756
💾 New best (val=0.027238) saved to /lustre/work/samumcki/final_dSiPM_run/NN_Analysis/unnorm_20x20_model/NN_model_20x20/best_latest.ckpt
[G0] Epoch 056 | Train 0.016658 | Val 0.027972 | MAE 4.774810 | RMSE 7.067481
[G0] Epoch 057 | Train 0.016964 | Val 0.027259 | MAE 4.724069 | RMSE 7.127182
[G0] Epoch 058 | Train 0.015548 | Val 0.027599 | MAE 4.719869 | RMSE 6.952432
[G0] Epoch 059 | Train 0.015333 | Val 0.027336 | MAE 4.579468 | RMSE 6.883300
[G0] Epoch 060 | Train 0.015435 | Val 0.027359 | MAE 4.590133 | RMSE 6.922371
[G0] Epoch 061 | Train 0.016346 | Val 0.027367 | MAE 4.572185 | RMSE 6.826484
[G0] Epoch 062 | Train 0.014440 | Val 0.026984 | MAE 4.549670 | RMSE 6.826260
💾 New best (val=0.026984) saved to /lustre/work/samumcki/final_dSiPM_run/NN_Analysis/unnorm_20x20_model/NN_model_20x20/best_latest.ckpt
[G0] Epoch 063 | Train 0.014322 | Val 0.026842 | MAE 4.540596 | RMSE 6.810582
💾 New best (val=0.026842) saved to /lustre/work/samumcki/final_dSiPM_run/NN_Analysis/unnorm_20x20_model/NN_model_20x20/best_latest.ckpt
[G0] Epoch 064 | Train 0.013981 | Val 0.027366 | MAE 4.575005 | RMSE 6.902418
[G0] Epoch 065 | Train 0.014443 | Val 0.027785 | MAE 4.585387 | RMSE 6.813893
[G0] Epoch 066 | Train 0.014012 | Val 0.028124 | MAE 4.586591 | RMSE 6.915586
[G0] Epoch 067 | Train 0.013713 | Val 0.027187 | MAE 4.569323 | RMSE 6.821530
[G0] Epoch 068 | Train 0.014042 | Val 0.027355 | MAE 4.550947 | RMSE 6.830489
[G0] Epoch 069 | Train 0.014079 | Val 0.028742 | MAE 4.526733 | RMSE 6.872131
[G0] Epoch 070 | Train 0.013726 | Val 0.027141 | MAE 4.568555 | RMSE 6.802824
[G0] Epoch 071 | Train 0.013574 | Val 0.027286 | MAE 4.541575 | RMSE 6.724895
[G0] Epoch 072 | Train 0.013458 | Val 0.027062 | MAE 4.547596 | RMSE 6.769002
[G0] Epoch 073 | Train 0.013198 | Val 0.026968 | MAE 4.550083 | RMSE 6.741085
[G0] Epoch 074 | Train 0.013259 | Val 0.027400 | MAE 4.514841 | RMSE 6.795909
[G0] Epoch 075 | Train 0.013174 | Val 0.028232 | MAE 4.513068 | RMSE 6.812178
[G0] Epoch 076 | Train 0.012777 | Val 0.027190 | MAE 4.509634 | RMSE 6.731498
[G0] Epoch 077 | Train 0.012780 | Val 0.027444 | MAE 4.500788 | RMSE 6.755711
[G0] Epoch 078 | Train 0.013076 | Val 0.027013 | MAE 4.496519 | RMSE 6.738048
[G0] Epoch 079 | Train 0.012419 | Val 0.027456 | MAE 4.528373 | RMSE 6.813784
[G0] Epoch 080 | Train 0.012662 | Val 0.027460 | MAE 4.515595 | RMSE 6.730897
[G0] Epoch 081 | Train 0.012826 | Val 0.027163 | MAE 4.501066 | RMSE 6.727787
[G0] Epoch 082 | Train 0.012749 | Val 0.027209 | MAE 4.498561 | RMSE 6.721832
[G0] Epoch 083 | Train 0.012751 | Val 0.027088 | MAE 4.494149 | RMSE 6.720941
[G0] Epoch 084 | Train 0.012440 | Val 0.027299 | MAE 4.497962 | RMSE 6.735936
[G0] Epoch 085 | Train 0.012252 | Val 0.027160 | MAE 4.504478 | RMSE 6.717104
[G0] Epoch 086 | Train 0.012343 | Val 0.027462 | MAE 4.496694 | RMSE 6.747016
[G0] Epoch 087 | Train 0.012522 | Val 0.027305 | MAE 4.508095 | RMSE 6.731734
[G0] Epoch 088 | Train 0.012487 | Val 0.027191 | MAE 4.495929 | RMSE 6.738513
[G0] Epoch 089 | Train 0.012636 | Val 0.027183 | MAE 4.494830 | RMSE 6.728434
[G0] Epoch 090 | Train 0.012406 | Val 0.027240 | MAE 4.499785 | RMSE 6.717726
[G0] Epoch 091 | Train 0.012489 | Val 0.027087 | MAE 4.498536 | RMSE 6.717577
[G0] Epoch 092 | Train 0.012444 | Val 0.027511 | MAE 4.509867 | RMSE 6.771748
[G0] Epoch 093 | Train 0.012363 | Val 0.027196 | MAE 4.496133 | RMSE 6.725718
[G0] Epoch 094 | Train 0.012186 | Val 0.027225 | MAE 4.495726 | RMSE 6.722040
[G0] Epoch 095 | Train 0.012442 | Val 0.027288 | MAE 4.495377 | RMSE 6.734991
[G0] Epoch 096 | Train 0.012245 | Val 0.027243 | MAE 4.496614 | RMSE 6.733341
[G0] Epoch 097 | Train 0.012386 | Val 0.027259 | MAE 4.499657 | RMSE 6.721672
[G0] Epoch 098 | Train 0.012067 | Val 0.027233 | MAE 4.495905 | RMSE 6.724310
[G0] Epoch 099 | Train 0.012270 | Val 0.027232 | MAE 4.500927 | RMSE 6.717911
[G0] Epoch 100 | Train 0.012259 | Val 0.027270 | MAE 4.495914 | RMSE 6.723178
[G0] Finished. Best val=0.026842. Logs in /lustre/work/samumcki/final_dSiPM_run/NN_Analysis/unnorm_20x20_model/NN_model_20x20
NaN diagnostics written to /lustre/work/samumcki/final_dSiPM_run/NN_Analysis/unnorm_20x20_model/NN_model_20x20/nan_diagnostics.log
Training finished
