Loading environment ...
Environment loaded.
Begin training
Loaded 10000 samples | Energies present: [10.0, 20.0, 30.0, 40.0, 50.0, 60.0, 70.0, 80.0, 90.0, 100.0]
mu_logE=3.813027, sigma_logE=0.695457
Group G0 | Cumulative training will start at epoch 1
[G0] Epoch 001 | Train 0.336350 | Val 0.098933 | MAE 8.305161 | RMSE 10.784386
💾 New best (val=0.098933) saved to /lustre/work/samumcki/final_dSiPM_run/NN_Analysis/unnorm_20x20_model/NN_model_20x20/best_latest.ckpt
[G0] Epoch 002 | Train 0.083550 | Val 0.089509 | MAE 7.654884 | RMSE 9.694573
💾 New best (val=0.089509) saved to /lustre/work/samumcki/final_dSiPM_run/NN_Analysis/unnorm_20x20_model/NN_model_20x20/best_latest.ckpt
[G0] Epoch 003 | Train 0.073537 | Val 0.053655 | MAE 5.112070 | RMSE 6.894786
💾 New best (val=0.053655) saved to /lustre/work/samumcki/final_dSiPM_run/NN_Analysis/unnorm_20x20_model/NN_model_20x20/best_latest.ckpt
[G0] Epoch 004 | Train 0.066160 | Val 0.050195 | MAE 4.901551 | RMSE 6.707161
💾 New best (val=0.050195) saved to /lustre/work/samumcki/final_dSiPM_run/NN_Analysis/unnorm_20x20_model/NN_model_20x20/best_latest.ckpt
[G0] Epoch 005 | Train 0.061977 | Val 0.053406 | MAE 4.793624 | RMSE 6.624365
[G0] Epoch 006 | Train 0.061595 | Val 0.048581 | MAE 4.754910 | RMSE 6.526447
💾 New best (val=0.048581) saved to /lustre/work/samumcki/final_dSiPM_run/NN_Analysis/unnorm_20x20_model/NN_model_20x20/best_latest.ckpt
[G0] Epoch 007 | Train 0.056535 | Val 0.047254 | MAE 4.527854 | RMSE 6.376223
💾 New best (val=0.047254) saved to /lustre/work/samumcki/final_dSiPM_run/NN_Analysis/unnorm_20x20_model/NN_model_20x20/best_latest.ckpt
[G0] Epoch 008 | Train 0.058309 | Val 0.046734 | MAE 4.557966 | RMSE 6.294117
💾 New best (val=0.046734) saved to /lustre/work/samumcki/final_dSiPM_run/NN_Analysis/unnorm_20x20_model/NN_model_20x20/best_latest.ckpt
[G0] Epoch 009 | Train 0.056184 | Val 0.045025 | MAE 4.429618 | RMSE 6.220314
💾 New best (val=0.045025) saved to /lustre/work/samumcki/final_dSiPM_run/NN_Analysis/unnorm_20x20_model/NN_model_20x20/best_latest.ckpt
[G0] Epoch 010 | Train 0.059044 | Val 0.049237 | MAE 4.670961 | RMSE 6.554754
[G0] Epoch 011 | Train 0.055388 | Val 0.045862 | MAE 4.484497 | RMSE 6.248404
[G0] Epoch 012 | Train 0.053925 | Val 0.048965 | MAE 4.869638 | RMSE 6.858218
[G0] Epoch 013 | Train 0.056087 | Val 0.049451 | MAE 4.797297 | RMSE 6.520565
[G0] Epoch 014 | Train 0.053588 | Val 0.051266 | MAE 4.886989 | RMSE 6.618101
[G0] Epoch 015 | Train 0.054842 | Val 0.047906 | MAE 4.922167 | RMSE 6.752582
[G0] Epoch 016 | Train 0.053961 | Val 0.045978 | MAE 4.648041 | RMSE 6.407899
[G0] Epoch 017 | Train 0.050432 | Val 0.042694 | MAE 4.351305 | RMSE 6.154463
💾 New best (val=0.042694) saved to /lustre/work/samumcki/final_dSiPM_run/NN_Analysis/unnorm_20x20_model/NN_model_20x20/best_latest.ckpt
[G0] Epoch 018 | Train 0.050090 | Val 0.049040 | MAE 4.694918 | RMSE 6.427223
[G0] Epoch 019 | Train 0.052063 | Val 0.042770 | MAE 4.369870 | RMSE 6.160102
[G0] Epoch 020 | Train 0.051197 | Val 0.042412 | MAE 4.355406 | RMSE 6.167608
💾 New best (val=0.042412) saved to /lustre/work/samumcki/final_dSiPM_run/NN_Analysis/unnorm_20x20_model/NN_model_20x20/best_latest.ckpt
[G0] Epoch 021 | Train 0.049396 | Val 0.044368 | MAE 4.439819 | RMSE 6.340996
[G0] Epoch 022 | Train 0.051632 | Val 0.042118 | MAE 4.331666 | RMSE 6.193432
💾 New best (val=0.042118) saved to /lustre/work/samumcki/final_dSiPM_run/NN_Analysis/unnorm_20x20_model/NN_model_20x20/best_latest.ckpt
[G0] Epoch 023 | Train 0.047671 | Val 0.041602 | MAE 4.365266 | RMSE 6.223428
💾 New best (val=0.041602) saved to /lustre/work/samumcki/final_dSiPM_run/NN_Analysis/unnorm_20x20_model/NN_model_20x20/best_latest.ckpt
[G0] Epoch 024 | Train 0.047057 | Val 0.044167 | MAE 4.499714 | RMSE 6.246980
[G0] Epoch 025 | Train 0.047278 | Val 0.043020 | MAE 4.515844 | RMSE 6.353684
[G0] Epoch 026 | Train 0.046494 | Val 0.042173 | MAE 4.569377 | RMSE 6.441269
[G0] Epoch 027 | Train 0.045800 | Val 0.041080 | MAE 4.370218 | RMSE 6.210766
💾 New best (val=0.041080) saved to /lustre/work/samumcki/final_dSiPM_run/NN_Analysis/unnorm_20x20_model/NN_model_20x20/best_latest.ckpt
[G0] Epoch 028 | Train 0.047466 | Val 0.047191 | MAE 4.693911 | RMSE 6.625720
[G0] Epoch 029 | Train 0.047071 | Val 0.043086 | MAE 4.486783 | RMSE 6.231830
[G0] Epoch 030 | Train 0.044653 | Val 0.041585 | MAE 4.402745 | RMSE 6.159236
[G0] Epoch 031 | Train 0.043915 | Val 0.039715 | MAE 4.332788 | RMSE 6.172215
💾 New best (val=0.039715) saved to /lustre/work/samumcki/final_dSiPM_run/NN_Analysis/unnorm_20x20_model/NN_model_20x20/best_latest.ckpt
[G0] Epoch 032 | Train 0.044843 | Val 0.043204 | MAE 4.569900 | RMSE 6.326542
[G0] Epoch 033 | Train 0.050049 | Val 0.041451 | MAE 4.455340 | RMSE 6.189037
[G0] Epoch 034 | Train 0.046190 | Val 0.039701 | MAE 4.352067 | RMSE 6.173941
💾 New best (val=0.039701) saved to /lustre/work/samumcki/final_dSiPM_run/NN_Analysis/unnorm_20x20_model/NN_model_20x20/best_latest.ckpt
[G0] Epoch 035 | Train 0.042567 | Val 0.040669 | MAE 4.358016 | RMSE 6.212981
[G0] Epoch 036 | Train 0.043390 | Val 0.043033 | MAE 4.595634 | RMSE 6.547978
[G0] Epoch 037 | Train 0.041829 | Val 0.039285 | MAE 4.370517 | RMSE 6.238088
💾 New best (val=0.039285) saved to /lustre/work/samumcki/final_dSiPM_run/NN_Analysis/unnorm_20x20_model/NN_model_20x20/best_latest.ckpt
[G0] Epoch 038 | Train 0.041711 | Val 0.039726 | MAE 4.446503 | RMSE 6.205618
[G0] Epoch 039 | Train 0.042688 | Val 0.038216 | MAE 4.308021 | RMSE 6.084566
💾 New best (val=0.038216) saved to /lustre/work/samumcki/final_dSiPM_run/NN_Analysis/unnorm_20x20_model/NN_model_20x20/best_latest.ckpt
[G0] Epoch 040 | Train 0.041245 | Val 0.042765 | MAE 4.491406 | RMSE 6.383634
[G0] Epoch 041 | Train 0.043956 | Val 0.038937 | MAE 4.397116 | RMSE 6.182001
[G0] Epoch 042 | Train 0.039871 | Val 0.038358 | MAE 4.317981 | RMSE 6.124361
[G0] Epoch 043 | Train 0.039190 | Val 0.038435 | MAE 4.276672 | RMSE 6.041264
[G0] Epoch 044 | Train 0.040941 | Val 0.039677 | MAE 4.537556 | RMSE 6.438759
[G0] Epoch 045 | Train 0.039599 | Val 0.042521 | MAE 4.373607 | RMSE 6.265304
[G0] Epoch 046 | Train 0.037579 | Val 0.037003 | MAE 4.283160 | RMSE 6.088315
💾 New best (val=0.037003) saved to /lustre/work/samumcki/final_dSiPM_run/NN_Analysis/unnorm_20x20_model/NN_model_20x20/best_latest.ckpt
[G0] Epoch 047 | Train 0.037280 | Val 0.037586 | MAE 4.421778 | RMSE 6.264590
[G0] Epoch 048 | Train 0.037773 | Val 0.042389 | MAE 4.633317 | RMSE 6.299292
[G0] Epoch 049 | Train 0.037865 | Val 0.037625 | MAE 4.285096 | RMSE 6.091801
[G0] Epoch 050 | Train 0.037504 | Val 0.036930 | MAE 4.381812 | RMSE 6.247820
💾 New best (val=0.036930) saved to /lustre/work/samumcki/final_dSiPM_run/NN_Analysis/unnorm_20x20_model/NN_model_20x20/best_latest.ckpt
[G0] Finished. Best val=0.036930. Logs in /lustre/work/samumcki/final_dSiPM_run/NN_Analysis/unnorm_20x20_model/NN_model_20x20
Training finished
