Loading environment ...
Environment loaded.
Begin training
Loaded 14000 samples | Energies present: [1.0, 5.0, 10.0, 20.0, 30.0, 40.0, 50.0, 60.0, 70.0, 80.0, 90.0, 100.0, 110.0, 120.0]
mu_logE=3.516262, sigma_logE=1.329275
Group G0 | Cumulative training will start at epoch 1
[G0] Epoch 001 | Train 0.222817 | Val 0.057562 | MAE 8.934763 | RMSE 13.274231
💾 New best (val=0.057562) saved to /lustre/work/samumcki/final_dSiPM_run/NN_Analysis/unnorm_200x200_model/NN_model_200x200/best_latest.ckpt
[G0] Epoch 002 | Train 0.042963 | Val 0.034928 | MAE 5.806515 | RMSE 8.810488
💾 New best (val=0.034928) saved to /lustre/work/samumcki/final_dSiPM_run/NN_Analysis/unnorm_200x200_model/NN_model_200x200/best_latest.ckpt
[G0] Epoch 003 | Train 0.037503 | Val 0.034990 | MAE 5.914289 | RMSE 8.972235
[G0] Epoch 004 | Train 0.035029 | Val 0.036901 | MAE 7.508647 | RMSE 11.045615
[G0] Epoch 005 | Train 0.035655 | Val 0.031877 | MAE 5.198889 | RMSE 7.944251
💾 New best (val=0.031877) saved to /lustre/work/samumcki/final_dSiPM_run/NN_Analysis/unnorm_200x200_model/NN_model_200x200/best_latest.ckpt
[G0] Epoch 006 | Train 0.032917 | Val 0.032692 | MAE 5.325509 | RMSE 8.007379
[G0] Epoch 007 | Train 0.032985 | Val 0.032362 | MAE 6.081892 | RMSE 9.180959
[G0] Epoch 008 | Train 0.031559 | Val 0.032775 | MAE 6.098176 | RMSE 9.182762
[G0] Epoch 009 | Train 0.030563 | Val 0.031578 | MAE 5.105588 | RMSE 7.844297
💾 New best (val=0.031578) saved to /lustre/work/samumcki/final_dSiPM_run/NN_Analysis/unnorm_200x200_model/NN_model_200x200/best_latest.ckpt
[G0] Epoch 010 | Train 0.030532 | Val 0.037296 | MAE 6.650226 | RMSE 9.698745
[G0] Epoch 011 | Train 0.032012 | Val 0.030405 | MAE 5.086214 | RMSE 7.748627
💾 New best (val=0.030405) saved to /lustre/work/samumcki/final_dSiPM_run/NN_Analysis/unnorm_200x200_model/NN_model_200x200/best_latest.ckpt
[G0] Epoch 012 | Train 0.031496 | Val 0.038985 | MAE 7.874319 | RMSE 11.225339
[G0] Epoch 013 | Train 0.030154 | Val 0.030453 | MAE 5.509328 | RMSE 8.381270
[G0] Epoch 014 | Train 0.028791 | Val 0.033597 | MAE 6.170037 | RMSE 9.275207
[G0] Epoch 015 | Train 0.029159 | Val 0.034988 | MAE 6.726852 | RMSE 9.855597
[G0] Epoch 016 | Train 0.029248 | Val 0.029536 | MAE 5.033082 | RMSE 7.701946
💾 New best (val=0.029536) saved to /lustre/work/samumcki/final_dSiPM_run/NN_Analysis/unnorm_200x200_model/NN_model_200x200/best_latest.ckpt
[G0] Epoch 017 | Train 0.029055 | Val 0.031960 | MAE 5.478112 | RMSE 8.286961
[G0] Epoch 018 | Train 0.028304 | Val 0.029979 | MAE 5.114373 | RMSE 7.737748
[G0] Epoch 019 | Train 0.027565 | Val 0.030087 | MAE 5.222026 | RMSE 7.998570
[G0] Epoch 020 | Train 0.028867 | Val 0.031702 | MAE 6.403510 | RMSE 9.625525
[G0] Epoch 021 | Train 0.026337 | Val 0.029749 | MAE 4.920505 | RMSE 7.511694
[G0] Epoch 022 | Train 0.026347 | Val 0.029357 | MAE 5.049874 | RMSE 7.744761
💾 New best (val=0.029357) saved to /lustre/work/samumcki/final_dSiPM_run/NN_Analysis/unnorm_200x200_model/NN_model_200x200/best_latest.ckpt
[G0] Epoch 023 | Train 0.026129 | Val 0.031917 | MAE 5.056968 | RMSE 7.757173
[G0] Epoch 024 | Train 0.027628 | Val 0.030282 | MAE 5.051359 | RMSE 7.605265
[G0] Epoch 025 | Train 0.026920 | Val 0.030426 | MAE 5.122166 | RMSE 7.819373
[G0] Epoch 026 | Train 0.025372 | Val 0.029608 | MAE 5.021060 | RMSE 7.660690
[G0] Epoch 027 | Train 0.024904 | Val 0.033508 | MAE 7.131109 | RMSE 10.440010
[G0] Epoch 028 | Train 0.023519 | Val 0.032636 | MAE 4.956920 | RMSE 7.545776
[G0] Epoch 029 | Train 0.023864 | Val 0.028953 | MAE 4.960445 | RMSE 7.600208
💾 New best (val=0.028953) saved to /lustre/work/samumcki/final_dSiPM_run/NN_Analysis/unnorm_200x200_model/NN_model_200x200/best_latest.ckpt
[G0] Epoch 030 | Train 0.022130 | Val 0.031009 | MAE 5.145355 | RMSE 7.670803
[G0] Epoch 031 | Train 0.021960 | Val 0.029427 | MAE 4.921530 | RMSE 7.520216
[G0] Epoch 032 | Train 0.021160 | Val 0.029602 | MAE 5.065390 | RMSE 7.779137
[G0] Epoch 033 | Train 0.020537 | Val 0.031086 | MAE 4.916448 | RMSE 7.562139
[G0] Epoch 034 | Train 0.020458 | Val 0.029996 | MAE 5.250871 | RMSE 7.960559
[G0] Epoch 035 | Train 0.019973 | Val 0.029520 | MAE 4.909358 | RMSE 7.443153
[G0] Epoch 036 | Train 0.019152 | Val 0.029569 | MAE 4.832869 | RMSE 7.391736
[G0] Epoch 037 | Train 0.018815 | Val 0.029274 | MAE 4.780339 | RMSE 7.356352
[G0] Epoch 038 | Train 0.018233 | Val 0.029777 | MAE 4.834948 | RMSE 7.348512
[G0] Epoch 039 | Train 0.019043 | Val 0.030451 | MAE 4.913266 | RMSE 7.425630
[G0] Epoch 040 | Train 0.018760 | Val 0.029164 | MAE 4.934354 | RMSE 7.529064
[G0] Epoch 041 | Train 0.018147 | Val 0.030559 | MAE 4.865216 | RMSE 7.465322
[G0] Epoch 042 | Train 0.017766 | Val 0.029051 | MAE 4.862403 | RMSE 7.421814
[G0] Epoch 043 | Train 0.017177 | Val 0.029048 | MAE 4.816926 | RMSE 7.349258
[G0] Epoch 044 | Train 0.016969 | Val 0.029601 | MAE 4.805120 | RMSE 7.332460
[G0] Epoch 045 | Train 0.016719 | Val 0.029151 | MAE 4.796127 | RMSE 7.363456
[G0] Epoch 046 | Train 0.016788 | Val 0.029204 | MAE 4.837926 | RMSE 7.354165
[G0] Epoch 047 | Train 0.016922 | Val 0.029156 | MAE 4.797014 | RMSE 7.332546
[G0] Epoch 048 | Train 0.016674 | Val 0.029460 | MAE 4.828950 | RMSE 7.370667
[G0] Epoch 049 | Train 0.016037 | Val 0.029017 | MAE 4.791920 | RMSE 7.343135
[G0] Epoch 050 | Train 0.015818 | Val 0.029034 | MAE 4.788070 | RMSE 7.342339
[G0] Epoch 051 | Train 0.016107 | Val 0.029113 | MAE 4.965012 | RMSE 7.583863
[G0] Epoch 052 | Train 0.015892 | Val 0.029014 | MAE 4.779227 | RMSE 7.325805
[G0] Epoch 053 | Train 0.016081 | Val 0.029190 | MAE 4.791026 | RMSE 7.354716
[G0] Epoch 054 | Train 0.015624 | Val 0.029070 | MAE 4.798923 | RMSE 7.325948
[G0] Epoch 055 | Train 0.015472 | Val 0.029165 | MAE 4.787373 | RMSE 7.303371
[G0] Epoch 056 | Train 0.015519 | Val 0.028998 | MAE 4.764637 | RMSE 7.307676
[G0] Epoch 057 | Train 0.015425 | Val 0.029041 | MAE 4.774845 | RMSE 7.309868
[G0] Epoch 058 | Train 0.015334 | Val 0.028987 | MAE 4.774445 | RMSE 7.315888
[G0] Epoch 059 | Train 0.015128 | Val 0.028973 | MAE 4.777697 | RMSE 7.324260
[G0] Epoch 060 | Train 0.015426 | Val 0.029130 | MAE 4.769573 | RMSE 7.299453
[G0] Epoch 061 | Train 0.015495 | Val 0.028958 | MAE 4.778124 | RMSE 7.310118
[G0] Epoch 062 | Train 0.014911 | Val 0.029085 | MAE 4.775016 | RMSE 7.294669
[G0] Epoch 063 | Train 0.015059 | Val 0.029041 | MAE 4.805634 | RMSE 7.354532
[G0] Epoch 064 | Train 0.015691 | Val 0.029266 | MAE 4.792331 | RMSE 7.303739
[G0] Epoch 065 | Train 0.015009 | Val 0.028899 | MAE 4.772024 | RMSE 7.303268
💾 New best (val=0.028899) saved to /lustre/work/samumcki/final_dSiPM_run/NN_Analysis/unnorm_200x200_model/NN_model_200x200/best_latest.ckpt
[G0] Epoch 066 | Train 0.014896 | Val 0.029039 | MAE 4.784584 | RMSE 7.299364
[G0] Epoch 067 | Train 0.014816 | Val 0.029002 | MAE 4.769335 | RMSE 7.299773
[G0] Epoch 068 | Train 0.014865 | Val 0.028987 | MAE 4.785416 | RMSE 7.302330
[G0] Epoch 069 | Train 0.015076 | Val 0.029052 | MAE 4.796101 | RMSE 7.334323
[G0] Epoch 070 | Train 0.015226 | Val 0.028986 | MAE 4.790594 | RMSE 7.305833
[G0] Epoch 071 | Train 0.014871 | Val 0.029033 | MAE 4.778287 | RMSE 7.301078
[G0] Epoch 072 | Train 0.014880 | Val 0.028939 | MAE 4.770905 | RMSE 7.294315
[G0] Epoch 073 | Train 0.015039 | Val 0.029015 | MAE 4.771576 | RMSE 7.296169
[G0] Epoch 074 | Train 0.014836 | Val 0.029047 | MAE 4.780577 | RMSE 7.296299
[G0] Epoch 075 | Train 0.014912 | Val 0.028979 | MAE 4.774925 | RMSE 7.294403
[G0] Epoch 076 | Train 0.014689 | Val 0.029044 | MAE 4.786883 | RMSE 7.314870
[G0] Epoch 077 | Train 0.014890 | Val 0.029106 | MAE 4.772804 | RMSE 7.293152
[G0] Epoch 078 | Train 0.014814 | Val 0.028997 | MAE 4.770933 | RMSE 7.295253
[G0] Epoch 079 | Train 0.014542 | Val 0.028956 | MAE 4.771068 | RMSE 7.297333
[G0] Epoch 080 | Train 0.014538 | Val 0.028989 | MAE 4.787945 | RMSE 7.321328
[G0] Epoch 081 | Train 0.015196 | Val 0.028966 | MAE 4.770904 | RMSE 7.299043
[G0] Epoch 082 | Train 0.015001 | Val 0.028967 | MAE 4.772042 | RMSE 7.295540
[G0] Epoch 083 | Train 0.014691 | Val 0.028942 | MAE 4.774529 | RMSE 7.302482
[G0] Epoch 084 | Train 0.014970 | Val 0.028997 | MAE 4.780875 | RMSE 7.306983
[G0] Epoch 085 | Train 0.014662 | Val 0.029003 | MAE 4.771624 | RMSE 7.294034
[G0] Epoch 086 | Train 0.014647 | Val 0.029048 | MAE 4.772418 | RMSE 7.289442
[G0] Epoch 087 | Train 0.015071 | Val 0.028947 | MAE 4.769711 | RMSE 7.299364
[G0] Epoch 088 | Train 0.014828 | Val 0.028973 | MAE 4.769030 | RMSE 7.291275
[G0] Epoch 089 | Train 0.014796 | Val 0.029024 | MAE 4.773396 | RMSE 7.291039
[G0] Epoch 090 | Train 0.014737 | Val 0.029011 | MAE 4.770280 | RMSE 7.291358
[G0] Epoch 091 | Train 0.014867 | Val 0.028971 | MAE 4.770901 | RMSE 7.291856
[G0] Epoch 092 | Train 0.015060 | Val 0.029060 | MAE 4.775236 | RMSE 7.291703
[G0] Epoch 093 | Train 0.014690 | Val 0.028989 | MAE 4.776006 | RMSE 7.300154
[G0] Epoch 094 | Train 0.014521 | Val 0.028992 | MAE 4.772317 | RMSE 7.292159
[G0] Epoch 095 | Train 0.014847 | Val 0.029011 | MAE 4.776630 | RMSE 7.301356
[G0] Epoch 096 | Train 0.014980 | Val 0.028999 | MAE 4.776919 | RMSE 7.297647
[G0] Epoch 097 | Train 0.014510 | Val 0.029037 | MAE 4.778027 | RMSE 7.299980
[G0] Epoch 098 | Train 0.014764 | Val 0.029008 | MAE 4.774520 | RMSE 7.292466
[G0] Epoch 099 | Train 0.014226 | Val 0.028950 | MAE 4.774744 | RMSE 7.302783
[G0] Epoch 100 | Train 0.014679 | Val 0.028954 | MAE 4.772597 | RMSE 7.294448
[G0] Finished. Best val=0.028899. Logs in /lustre/work/samumcki/final_dSiPM_run/NN_Analysis/unnorm_200x200_model/NN_model_200x200
Training finished
