Loading environment ...
Environment loaded.
Begin training
Loaded 14000 samples | Energies present: [1.0, 5.0, 10.0, 20.0, 30.0, 40.0, 50.0, 60.0, 70.0, 80.0, 90.0, 100.0, 110.0, 120.0]

=== Dataset audit (50 samples) ===
Audit complete: 0 bad samples found out of 50 checked.

mu_logE=3.516262, sigma_logE=1.329275
INPUT SCALING: max raw value=367548.1 — log1p scaling ENABLED for all splits.
Group G0 | Cumulative training will start at epoch 1
Running pre-training sanity check on first batch...
  Input x (raw): shape=torch.Size([256, 5, 200, 200]), min=0.0000, max=258545.9531
  Input x (scaled): min=0.0000, max=12.4628, nan=False, inf=False
  Target y: min=1.000000, max=120.000000, nan=False, inf=False
  Channel 0 (scaled): mean=0.0269, std=0.4580, min=0.0000, max=12.4628
  Channel 1 (scaled): mean=0.0248, std=0.4355, min=0.0000, max=11.5970
  Channel 2 (scaled): mean=0.0333, std=0.5036, min=0.0000, max=11.3916
  Channel 3 (scaled): mean=0.0451, std=0.5870, min=0.0000, max=12.0156
  Channel 4 (scaled): mean=0.0077, std=0.2401, min=0.0000, max=9.6582
  y_log_norm: min=-2.6452, max=0.9563, nan=False
  Model output (eval  mode): min=0.0021, max=0.0746, nan=False, inf=False
  Model output (train mode): min=-0.0607, max=0.1988, nan=False, inf=False
  Pre-training check: PASS ✓
[G0] Epoch 001 | Train 0.178239 | Val 0.039804 | MAE 6.419454 | RMSE 9.927624
💾 New best (val=0.039804) saved to /lustre/work/samumcki/final_dSiPM_run/NN_Analysis/unnorm_50x50_model/NN_model_50x50/best_latest.ckpt
[G0] Epoch 002 | Train 0.044578 | Val 0.039436 | MAE 6.747134 | RMSE 9.691476
💾 New best (val=0.039436) saved to /lustre/work/samumcki/final_dSiPM_run/NN_Analysis/unnorm_50x50_model/NN_model_50x50/best_latest.ckpt
[G0] Epoch 003 | Train 0.040069 | Val 0.034248 | MAE 5.465061 | RMSE 8.359627
💾 New best (val=0.034248) saved to /lustre/work/samumcki/final_dSiPM_run/NN_Analysis/unnorm_50x50_model/NN_model_50x50/best_latest.ckpt
[G0] Epoch 004 | Train 0.037324 | Val 0.033621 | MAE 5.506461 | RMSE 8.452720
💾 New best (val=0.033621) saved to /lustre/work/samumcki/final_dSiPM_run/NN_Analysis/unnorm_50x50_model/NN_model_50x50/best_latest.ckpt
[G0] Epoch 005 | Train 0.036726 | Val 0.041391 | MAE 7.442583 | RMSE 10.440126
[G0] Epoch 006 | Train 0.034296 | Val 0.035045 | MAE 5.375504 | RMSE 8.178746
[G0] Epoch 007 | Train 0.032541 | Val 0.035487 | MAE 5.699475 | RMSE 8.666275
[G0] Epoch 008 | Train 0.032878 | Val 0.034452 | MAE 5.575328 | RMSE 8.204531
[G0] Epoch 009 | Train 0.032554 | Val 0.032346 | MAE 5.061825 | RMSE 7.750835
💾 New best (val=0.032346) saved to /lustre/work/samumcki/final_dSiPM_run/NN_Analysis/unnorm_50x50_model/NN_model_50x50/best_latest.ckpt
[G0] Epoch 010 | Train 0.031146 | Val 0.036336 | MAE 5.500916 | RMSE 8.334182
[G0] Epoch 011 | Train 0.031837 | Val 0.035538 | MAE 5.877966 | RMSE 8.811584
[G0] Epoch 012 | Train 0.029641 | Val 0.030408 | MAE 4.978535 | RMSE 7.634531
💾 New best (val=0.030408) saved to /lustre/work/samumcki/final_dSiPM_run/NN_Analysis/unnorm_50x50_model/NN_model_50x50/best_latest.ckpt
[G0] Epoch 013 | Train 0.028938 | Val 0.030868 | MAE 5.106475 | RMSE 7.791412
[G0] Epoch 014 | Train 0.030208 | Val 0.036942 | MAE 5.648635 | RMSE 8.390545
[G0] Epoch 015 | Train 0.030101 | Val 0.030026 | MAE 4.880043 | RMSE 7.474719
💾 New best (val=0.030026) saved to /lustre/work/samumcki/final_dSiPM_run/NN_Analysis/unnorm_50x50_model/NN_model_50x50/best_latest.ckpt
[G0] Epoch 016 | Train 0.028826 | Val 0.029939 | MAE 4.808758 | RMSE 7.377168
💾 New best (val=0.029939) saved to /lustre/work/samumcki/final_dSiPM_run/NN_Analysis/unnorm_50x50_model/NN_model_50x50/best_latest.ckpt
[G0] Epoch 017 | Train 0.028758 | Val 0.029336 | MAE 4.850661 | RMSE 7.420021
💾 New best (val=0.029336) saved to /lustre/work/samumcki/final_dSiPM_run/NN_Analysis/unnorm_50x50_model/NN_model_50x50/best_latest.ckpt
[G0] Epoch 018 | Train 0.027865 | Val 0.030196 | MAE 5.124081 | RMSE 7.703684
[G0] Epoch 019 | Train 0.027361 | Val 0.035084 | MAE 5.359433 | RMSE 7.747257
[G0] Epoch 020 | Train 0.028216 | Val 0.030287 | MAE 5.509373 | RMSE 8.364553
[G0] Epoch 021 | Train 0.025631 | Val 0.033620 | MAE 5.115757 | RMSE 7.612971
[G0] Epoch 022 | Train 0.027483 | Val 0.029594 | MAE 5.041647 | RMSE 7.603199
[G0] Epoch 023 | Train 0.027689 | Val 0.042013 | MAE 6.421693 | RMSE 8.835781
[G0] Epoch 024 | Train 0.026267 | Val 0.028981 | MAE 4.796944 | RMSE 7.353793
💾 New best (val=0.028981) saved to /lustre/work/samumcki/final_dSiPM_run/NN_Analysis/unnorm_50x50_model/NN_model_50x50/best_latest.ckpt
[G0] Epoch 025 | Train 0.023503 | Val 0.028809 | MAE 4.859589 | RMSE 7.391376
💾 New best (val=0.028809) saved to /lustre/work/samumcki/final_dSiPM_run/NN_Analysis/unnorm_50x50_model/NN_model_50x50/best_latest.ckpt
[G0] Epoch 026 | Train 0.023553 | Val 0.029336 | MAE 4.896492 | RMSE 7.342683
[G0] Epoch 027 | Train 0.023827 | Val 0.030847 | MAE 4.831437 | RMSE 7.268790
[G0] Epoch 028 | Train 0.023117 | Val 0.030600 | MAE 4.812510 | RMSE 7.208836
[G0] Epoch 029 | Train 0.022377 | Val 0.029855 | MAE 4.924028 | RMSE 7.535181
[G0] Epoch 030 | Train 0.022251 | Val 0.028790 | MAE 4.733239 | RMSE 7.226357
💾 New best (val=0.028790) saved to /lustre/work/samumcki/final_dSiPM_run/NN_Analysis/unnorm_50x50_model/NN_model_50x50/best_latest.ckpt
[G0] Epoch 031 | Train 0.021529 | Val 0.033626 | MAE 5.589696 | RMSE 8.357428
[G0] Epoch 032 | Train 0.021477 | Val 0.028235 | MAE 4.673090 | RMSE 7.127559
💾 New best (val=0.028235) saved to /lustre/work/samumcki/final_dSiPM_run/NN_Analysis/unnorm_50x50_model/NN_model_50x50/best_latest.ckpt
[G0] Epoch 033 | Train 0.020838 | Val 0.029124 | MAE 4.827240 | RMSE 7.374284
[G0] Epoch 034 | Train 0.019900 | Val 0.029082 | MAE 4.956017 | RMSE 7.511075
[G0] Epoch 035 | Train 0.019632 | Val 0.029675 | MAE 4.884003 | RMSE 7.432657
[G0] Epoch 036 | Train 0.019455 | Val 0.029678 | MAE 4.805757 | RMSE 7.320570
[G0] Epoch 037 | Train 0.018983 | Val 0.029823 | MAE 4.786242 | RMSE 7.198961
[G0] Epoch 038 | Train 0.019465 | Val 0.032755 | MAE 4.982660 | RMSE 7.303815
[G0] Epoch 039 | Train 0.018333 | Val 0.028839 | MAE 4.875179 | RMSE 7.386450
[G0] Epoch 040 | Train 0.017662 | Val 0.029404 | MAE 4.690345 | RMSE 7.041812
[G0] Epoch 041 | Train 0.017645 | Val 0.028510 | MAE 4.677529 | RMSE 7.101100
[G0] Epoch 042 | Train 0.016853 | Val 0.029438 | MAE 4.774651 | RMSE 7.123274
[G0] Epoch 043 | Train 0.016434 | Val 0.028996 | MAE 4.641353 | RMSE 6.995147
[G0] Epoch 044 | Train 0.015908 | Val 0.029051 | MAE 4.725554 | RMSE 7.035745
[G0] Epoch 045 | Train 0.015779 | Val 0.028364 | MAE 4.671124 | RMSE 7.012925
[G0] Epoch 046 | Train 0.015655 | Val 0.029093 | MAE 4.883778 | RMSE 7.363927
[G0] Epoch 047 | Train 0.015533 | Val 0.028751 | MAE 4.631049 | RMSE 6.970594
[G0] Epoch 048 | Train 0.015358 | Val 0.028956 | MAE 4.638532 | RMSE 6.954522
[G0] Epoch 049 | Train 0.015271 | Val 0.029025 | MAE 4.639301 | RMSE 6.977607
[G0] Epoch 050 | Train 0.015224 | Val 0.029094 | MAE 4.670214 | RMSE 7.053165
[G0] Epoch 051 | Train 0.014805 | Val 0.028704 | MAE 4.634212 | RMSE 6.957787
[G0] Epoch 052 | Train 0.014752 | Val 0.029226 | MAE 4.631485 | RMSE 6.965112
[G0] Epoch 053 | Train 0.014497 | Val 0.028650 | MAE 4.680521 | RMSE 7.033216
[G0] Epoch 054 | Train 0.014366 | Val 0.028713 | MAE 4.655321 | RMSE 6.930989
[G0] Epoch 055 | Train 0.014384 | Val 0.028714 | MAE 4.630610 | RMSE 6.939772
[G0] Epoch 056 | Train 0.014124 | Val 0.028498 | MAE 4.621628 | RMSE 6.936675
[G0] Epoch 057 | Train 0.014190 | Val 0.028539 | MAE 4.634706 | RMSE 6.928903
[G0] Epoch 058 | Train 0.013844 | Val 0.028521 | MAE 4.641692 | RMSE 6.970698
[G0] Epoch 059 | Train 0.014158 | Val 0.028685 | MAE 4.630115 | RMSE 6.948205
[G0] Epoch 060 | Train 0.014081 | Val 0.028647 | MAE 4.655345 | RMSE 6.934563
[G0] Epoch 061 | Train 0.013988 | Val 0.028568 | MAE 4.639896 | RMSE 6.930951
[G0] Epoch 062 | Train 0.013645 | Val 0.028725 | MAE 4.655175 | RMSE 6.975973
[G0] Epoch 063 | Train 0.014205 | Val 0.028595 | MAE 4.645044 | RMSE 6.914314
[G0] Epoch 064 | Train 0.013543 | Val 0.028509 | MAE 4.628183 | RMSE 6.933731
[G0] Epoch 065 | Train 0.013811 | Val 0.028488 | MAE 4.632850 | RMSE 6.927641
[G0] Epoch 066 | Train 0.013888 | Val 0.028549 | MAE 4.627227 | RMSE 6.918114
[G0] Epoch 067 | Train 0.013431 | Val 0.028530 | MAE 4.628212 | RMSE 6.905674
[G0] Epoch 068 | Train 0.013732 | Val 0.028567 | MAE 4.635181 | RMSE 6.903017
[G0] Epoch 069 | Train 0.013504 | Val 0.028536 | MAE 4.622903 | RMSE 6.908057
[G0] Epoch 070 | Train 0.013534 | Val 0.028481 | MAE 4.628169 | RMSE 6.918963
[G0] Epoch 071 | Train 0.013651 | Val 0.028529 | MAE 4.622953 | RMSE 6.899051
[G0] Epoch 072 | Train 0.013921 | Val 0.028524 | MAE 4.627188 | RMSE 6.908941
[G0] Epoch 073 | Train 0.013458 | Val 0.028541 | MAE 4.626189 | RMSE 6.904273
[G0] Epoch 074 | Train 0.013904 | Val 0.028547 | MAE 4.626357 | RMSE 6.913912
[G0] Epoch 075 | Train 0.013582 | Val 0.028498 | MAE 4.625454 | RMSE 6.902605
[G0] Epoch 076 | Train 0.013376 | Val 0.028500 | MAE 4.626167 | RMSE 6.905489
[G0] Epoch 077 | Train 0.013422 | Val 0.028512 | MAE 4.623716 | RMSE 6.908999
[G0] Epoch 078 | Train 0.013646 | Val 0.028525 | MAE 4.627268 | RMSE 6.900715
[G0] Epoch 079 | Train 0.013148 | Val 0.028528 | MAE 4.622864 | RMSE 6.907425
[G0] Epoch 080 | Train 0.013517 | Val 0.028526 | MAE 4.626858 | RMSE 6.905694
[G0] Epoch 081 | Train 0.013632 | Val 0.028534 | MAE 4.625425 | RMSE 6.903308
[G0] Epoch 082 | Train 0.013652 | Val 0.028556 | MAE 4.625420 | RMSE 6.917334
[G0] Epoch 083 | Train 0.013665 | Val 0.028548 | MAE 4.623274 | RMSE 6.915741
[G0] Epoch 084 | Train 0.013479 | Val 0.028531 | MAE 4.623989 | RMSE 6.906429
[G0] Epoch 085 | Train 0.013333 | Val 0.028539 | MAE 4.624809 | RMSE 6.904433
[G0] Epoch 086 | Train 0.013467 | Val 0.028552 | MAE 4.623072 | RMSE 6.911839
[G0] Epoch 087 | Train 0.013329 | Val 0.028552 | MAE 4.626221 | RMSE 6.901322
[G0] Epoch 088 | Train 0.013363 | Val 0.028540 | MAE 4.625551 | RMSE 6.903627
[G0] Epoch 089 | Train 0.013648 | Val 0.028528 | MAE 4.622365 | RMSE 6.901786
[G0] Epoch 090 | Train 0.013334 | Val 0.028540 | MAE 4.624215 | RMSE 6.901448
[G0] Epoch 091 | Train 0.013296 | Val 0.028520 | MAE 4.625119 | RMSE 6.901743
[G0] Epoch 092 | Train 0.013447 | Val 0.028555 | MAE 4.622906 | RMSE 6.909263
[G0] Epoch 093 | Train 0.013527 | Val 0.028534 | MAE 4.624574 | RMSE 6.902538
[G0] Epoch 094 | Train 0.013392 | Val 0.028547 | MAE 4.623999 | RMSE 6.905637
[G0] Epoch 095 | Train 0.013523 | Val 0.028531 | MAE 4.624372 | RMSE 6.908420
[G0] Epoch 096 | Train 0.013383 | Val 0.028539 | MAE 4.625752 | RMSE 6.905558
[G0] Epoch 097 | Train 0.013545 | Val 0.028597 | MAE 4.622743 | RMSE 6.909076
[G0] Epoch 098 | Train 0.013080 | Val 0.028547 | MAE 4.623292 | RMSE 6.906087
[G0] Epoch 099 | Train 0.013475 | Val 0.028541 | MAE 4.624076 | RMSE 6.903795
[G0] Epoch 100 | Train 0.013510 | Val 0.028535 | MAE 4.626605 | RMSE 6.898924
[G0] Finished. Best val=0.028235. Logs in /lustre/work/samumcki/final_dSiPM_run/NN_Analysis/unnorm_50x50_model/NN_model_50x50
NaN diagnostics written to /lustre/work/samumcki/final_dSiPM_run/NN_Analysis/unnorm_50x50_model/NN_model_50x50/nan_diagnostics.log
Training finished
